SF:/home/joshua/.julia/dev/FastBEAST/src/FastBEAST.jl
DA:1,25
LH:1
LF:1
end_of_record
SF:/home/joshua/.julia/dev/FastBEAST/src/aca/aca.jl
DA:4,6
DA:13,6
DA:21,3
DA:24,135203
DA:34,67605
DA:36,67605
DA:38,67605
DA:40,67609
DA:41,67611
DA:42,67610
DA:44,67610
DA:50,67610
DA:57,67610
DA:59,67606
DA:60,67606
DA:61,135201
DA:64,67605
DA:70,135216
DA:71,135220
DA:73,67611
DA:74,0
DA:75,0
DA:77,67611
DA:90,351347
DA:95,283736
DA:97,283736
DA:105,283764
DA:108,283751
DA:110,283744
DA:112,283740
DA:118,283754
DA:119,567466
DA:120,1756244
DA:121,24856205
DA:122,48825356
DA:123,1472646
DA:125,283735
DA:132,283759
DA:133,283759
DA:134,567371
DA:137,283711
DA:138,283718
DA:140,283713
DA:146,283755
DA:147,567478
DA:148,1756532
DA:149,36840451
DA:150,72805462
DA:151,1472869
DA:153,567456
DA:154,567492
DA:156,283750
DA:157,2
DA:158,2
DA:159,2
DA:160,2
DA:162,283756
DA:174,283756
DA:176,67611
DA:177,0
DA:180,67611
DA:181,6
DA:182,6
DA:184,6
DA:185,12
DA:186,80
DA:187,6
DA:188,6
DA:190,74
DA:192,6
DA:193,6
DA:195,12
DA:196,12
DA:197,1505
DA:198,101505
DA:199,6
DA:200,6
DA:201,6
DA:203,6
DA:205,67605
DA:206,67580
DA:208,135169
DA:209,135204
DA:210,1418199
DA:211,1418225
DA:212,67594
DA:213,67592
DA:214,67592
DA:217,67592
DA:221,22
DA:231,11
LH:88
LF:91
end_of_record
SF:/home/joshua/.julia/dev/FastBEAST/src/aca/aca_utils.jl
DA:2,67610
DA:7,770151
DA:9,2160502
DA:15,432100400
DA:16,2160502
DA:17,2160502
DA:30,67610
DA:32,67610
DA:35,0
DA:37,0
DA:41,58
DA:50,351336
DA:67,58
DA:69,7239280
DA:70,3235240
DA:71,155721
DA:72,55620
DA:73,29
LH:16
LF:18
end_of_record
SF:/home/joshua/.julia/dev/FastBEAST/src/aca/convergence.jl
DA:3,13
DA:16,67602
DA:19,67603
DA:40,0
DA:41,0
DA:45,2
DA:63,2
DA:64,1
DA:82,1
DA:87,1
DA:88,1
DA:89,800
DA:90,400
DA:93,1
DA:95,1
DA:98,2
DA:99,400
DA:104,400
DA:134,351236
DA:146,702443
DA:147,1
DA:148,1
DA:150,1
DA:152,351219
DA:153,634776
DA:154,871499
DA:158,1459393
DA:160,351211
DA:191,117
DA:203,234
DA:204,1
DA:206,1
DA:209,116
DA:210,231
DA:211,6686
DA:215,13257
DA:218,232
DA:219,46400
DA:221,92684
DA:223,232
DA:224,116
DA:227,116
DA:258,0
DA:270,0
DA:271,0
DA:273,0
DA:276,0
DA:277,0
DA:278,0
DA:282,0
DA:285,0
DA:286,0
DA:288,0
DA:290,0
DA:291,0
DA:293,0
LH:40
LF:56
end_of_record
SF:/home/joshua/.julia/dev/FastBEAST/src/aca/nca.jl
DA:9,0
DA:17,0
DA:18,0
DA:21,0
DA:25,0
DA:28,0
DA:29,0
DA:30,0
DA:31,0
DA:33,0
DA:34,0
DA:35,0
DA:40,0
DA:42,0
DA:45,0
DA:57,0
DA:58,0
DA:60,0
DA:62,0
DA:63,0
DA:64,0
DA:66,0
DA:68,0
DA:69,0
DA:73,0
DA:75,0
DA:77,0
DA:79,0
DA:83,0
DA:94,0
DA:95,0
DA:96,0
DA:97,0
DA:101,0
DA:102,0
DA:103,0
DA:104,0
DA:110,0
DA:111,0
DA:113,0
DA:114,0
DA:115,0
DA:116,0
DA:118,0
DA:123,0
DA:125,0
DA:131,0
DA:133,0
DA:135,0
DA:136,0
DA:137,0
DA:140,0
DA:145,0
DA:148,0
DA:149,0
DA:151,0
DA:153,0
DA:155,0
DA:168,0
DA:173,0
DA:175,0
DA:182,0
DA:184,0
DA:186,0
DA:187,0
DA:192,0
DA:195,0
DA:196,0
DA:197,0
DA:198,0
DA:199,0
DA:200,0
DA:202,0
DA:208,0
DA:210,0
DA:211,0
DA:212,0
DA:215,0
DA:216,0
DA:218,0
DA:223,0
DA:227,0
DA:228,0
DA:229,0
DA:230,0
DA:231,0
DA:232,0
DA:234,0
DA:235,0
DA:237,0
DA:239,0
DA:240,0
DA:241,0
DA:243,0
DA:255,0
DA:257,0
DA:258,0
DA:267,0
DA:268,0
DA:269,0
DA:271,0
DA:272,0
DA:273,0
DA:274,0
DA:275,0
DA:277,0
DA:279,0
DA:280,0
DA:282,0
DA:283,0
DA:284,0
DA:285,0
DA:286,0
DA:287,0
DA:288,0
DA:290,0
DA:293,0
DA:294,0
DA:295,0
DA:296,0
DA:298,0
DA:299,0
DA:301,0
DA:302,0
DA:303,0
DA:304,0
DA:305,0
DA:308,0
DA:312,0
DA:321,0
LH:0
LF:130
end_of_record
SF:/home/joshua/.julia/dev/FastBEAST/src/aca/partial_aca.jl
DA:9,0
DA:17,0
DA:18,0
DA:21,0
DA:25,0
DA:28,0
DA:29,0
DA:30,0
DA:31,0
DA:33,0
DA:34,0
DA:35,0
DA:40,0
DA:42,0
DA:45,0
DA:57,0
DA:58,0
DA:60,0
DA:62,0
DA:63,0
DA:64,0
DA:66,0
DA:68,0
DA:69,0
DA:73,0
DA:75,0
DA:77,0
DA:79,0
DA:83,0
DA:92,0
DA:93,0
DA:94,0
DA:95,0
DA:97,0
DA:98,0
DA:99,0
DA:100,0
DA:106,0
DA:107,0
DA:109,0
DA:110,0
DA:111,0
DA:112,0
DA:114,0
DA:119,0
DA:121,0
DA:127,0
DA:129,0
DA:131,0
DA:132,0
DA:133,0
DA:136,0
DA:141,0
DA:144,0
DA:145,0
DA:147,0
DA:149,0
DA:151,0
DA:164,0
DA:169,0
DA:171,0
DA:178,0
DA:180,0
DA:182,0
DA:183,0
DA:188,0
DA:191,0
DA:192,0
DA:193,0
DA:194,0
DA:195,0
DA:196,0
DA:198,0
DA:204,0
DA:206,0
DA:207,0
DA:208,0
DA:211,0
DA:212,0
DA:214,0
DA:219,0
DA:223,0
DA:224,0
DA:225,0
DA:226,0
DA:227,0
DA:228,0
DA:230,0
DA:231,0
DA:233,0
DA:235,0
DA:236,0
DA:237,0
DA:239,0
DA:251,0
DA:253,0
DA:254,0
DA:257,0
DA:259,0
DA:260,0
DA:263,0
DA:264,0
DA:265,0
DA:267,0
DA:268,0
DA:269,0
DA:270,0
DA:271,0
DA:273,0
DA:275,0
DA:276,0
DA:278,0
DA:279,0
DA:280,0
DA:281,0
DA:282,0
DA:283,0
DA:284,0
DA:286,0
DA:289,0
DA:290,0
DA:291,0
DA:292,0
DA:294,0
DA:295,0
DA:297,0
DA:298,0
DA:299,0
DA:300,0
DA:301,0
DA:304,0
DA:308,0
DA:317,0
LH:0
LF:133
end_of_record
SF:/home/joshua/.julia/dev/FastBEAST/src/aca/pivoting.jl
DA:7,14
DA:10,8
DA:11,8
DA:25,67609
DA:26,67611
DA:29,0
DA:35,0
DA:55,634377
DA:62,634336
DA:64,635006
DA:66,4
DA:85,0
DA:87,0
DA:102,0
DA:104,0
DA:105,0
DA:106,0
DA:108,0
DA:110,0
DA:111,0
DA:114,0
DA:116,0
DA:118,0
DA:119,0
DA:120,0
DA:121,0
DA:124,0
DA:126,0
DA:130,0
DA:131,0
DA:132,0
DA:133,0
DA:134,0
DA:136,0
DA:138,0
DA:141,0
DA:143,0
DA:144,0
DA:145,0
DA:147,0
DA:149,0
DA:150,0
DA:153,0
DA:155,0
DA:157,0
DA:158,0
DA:159,0
DA:160,0
DA:163,0
DA:165,0
DA:169,0
DA:170,0
DA:171,0
DA:172,0
DA:173,0
DA:175,0
DA:177,0
DA:197,0
DA:204,0
DA:205,0
DA:206,0
DA:208,0
DA:210,0
DA:211,0
DA:212,0
DA:214,0
DA:216,0
DA:235,0
DA:237,0
DA:252,0
DA:254,0
DA:255,0
DA:256,0
DA:258,0
DA:260,0
DA:261,0
DA:264,0
DA:266,0
DA:268,0
DA:269,0
DA:270,0
DA:271,0
DA:274,0
DA:276,0
DA:280,0
DA:281,0
DA:282,0
DA:283,0
DA:284,0
DA:286,0
DA:288,0
DA:308,0
DA:315,0
DA:316,0
DA:317,0
DA:319,0
DA:320,0
DA:321,0
DA:323,0
DA:324,0
DA:325,0
DA:326,0
DA:328,0
DA:330,0
DA:331,0
DA:332,0
DA:334,0
DA:336,0
DA:337,0
DA:338,0
DA:340,0
DA:342,0
LH:9
LF:112
end_of_record
SF:/home/joshua/.julia/dev/FastBEAST/src/beast.jl
DA:3,12
DA:14,6
DA:16,25846
DA:17,4393781
DA:18,25840
DA:21,6
DA:28,700746
DA:29,17575429
DA:30,701699
DA:34,6
DA:35,6
DA:37,7
DA:48,5
DA:51,0
DA:61,0
DA:69,0
DA:70,0
DA:79,0
DA:89,0
DA:90,0
DA:92,0
DA:98,0
DA:110,0
DA:112,0
DA:113,0
DA:116,0
DA:126,0
DA:138,0
DA:148,0
DA:155,0
DA:158,0
DA:159,0
DA:162,0
DA:165,0
DA:182,0
DA:183,0
DA:188,0
DA:197,0
DA:198,0
DA:200,0
DA:201,0
DA:203,0
DA:206,0
DA:215,0
DA:216,0
DA:218,0
DA:219,0
DA:221,0
DA:224,0
DA:226,0
DA:227,0
DA:228,0
DA:230,0
DA:231,0
DA:232,0
DA:233,0
DA:234,0
DA:236,0
DA:237,0
DA:238,0
DA:239,0
DA:240,0
DA:242,0
DA:244,0
DA:245,0
DA:246,0
DA:247,0
DA:248,0
DA:249,0
DA:250,0
DA:251,0
DA:253,0
DA:256,0
DA:263,0
DA:265,0
DA:266,0
DA:267,0
DA:269,0
DA:270,0
DA:271,0
DA:272,0
DA:273,0
DA:274,0
DA:276,0
LH:13
LF:84
end_of_record
SF:/home/joshua/.julia/dev/FastBEAST/src/cur/geo.jl
DA:3,0
DA:4,0
DA:6,0
DA:7,0
DA:9,0
DA:10,0
DA:12,0
DA:16,0
DA:17,0
DA:19,0
DA:20,0
DA:21,0
DA:22,0
DA:23,0
DA:24,0
DA:26,0
DA:27,0
DA:28,0
DA:29,0
DA:30,0
DA:32,0
DA:33,0
DA:34,0
DA:35,0
DA:36,0
DA:37,0
DA:39,0
DA:40,0
DA:41,0
DA:42,0
DA:43,0
DA:46,0
LH:0
LF:32
end_of_record
SF:/home/joshua/.julia/dev/FastBEAST/src/cur/partialcur.jl
DA:3,0
DA:12,0
DA:13,0
DA:15,0
DA:16,0
DA:17,0
DA:18,0
DA:19,0
DA:20,0
DA:21,0
DA:24,0
DA:26,0
DA:27,0
DA:28,0
DA:30,0
DA:32,0
DA:33,0
DA:35,0
DA:36,0
DA:37,0
DA:40,0
DA:41,0
DA:42,0
DA:43,0
DA:45,0
DA:50,0
DA:52,0
DA:54,0
DA:56,0
DA:57,0
DA:58,0
DA:60,0
DA:61,0
LH:0
LF:33
end_of_record
SF:/home/joshua/.julia/dev/FastBEAST/src/cur/test_pcur.jl
DA:6,0
DA:7,0
DA:8,0
DA:10,0
DA:14,0
DA:15,0
DA:18,0
DA:19,0
DA:20,0
DA:21,0
DA:22,0
DA:23,0
DA:36,0
DA:37,0
LH:0
LF:14
end_of_record
SF:/home/joshua/.julia/dev/FastBEAST/src/fmm/operators/FMMoperator.jl
LH:0
LF:0
end_of_record
SF:/home/joshua/.julia/dev/FastBEAST/src/fmm/operators/HH3Dadjointdoublelayer.jl
DA:20,0
DA:21,0
DA:22,0
DA:23,0
DA:24,0
DA:25,0
DA:26,0
DA:28,0
DA:32,0
DA:33,0
DA:34,0
DA:35,0
DA:36,0
DA:37,0
DA:38,0
DA:40,0
DA:44,0
DA:45,0
DA:47,0
DA:49,0
DA:50,0
DA:51,0
DA:52,0
DA:55,0
DA:56,0
DA:58,0
DA:61,0
DA:62,0
DA:63,0
DA:64,0
DA:66,0
DA:68,0
DA:71,0
DA:76,0
DA:78,0
DA:80,0
DA:81,0
DA:82,0
DA:83,0
DA:86,0
DA:88,0
DA:89,0
DA:92,0
DA:93,0
DA:94,0
DA:95,0
DA:96,0
DA:98,0
DA:101,0
DA:106,0
DA:108,0
DA:110,0
DA:111,0
DA:112,0
DA:113,0
DA:116,0
DA:118,0
DA:119,0
DA:122,0
DA:123,0
DA:124,0
DA:125,0
DA:126,0
DA:128,0
DA:131,0
DA:142,0
DA:144,0
DA:157,0
DA:164,0
DA:165,0
DA:166,0
DA:167,0
DA:169,0
DA:170,0
DA:171,0
DA:173,0
DA:176,0
LH:0
LF:77
end_of_record
SF:/home/joshua/.julia/dev/FastBEAST/src/fmm/operators/HH3Ddoublelayer.jl
DA:20,0
DA:21,0
DA:22,0
DA:23,0
DA:24,0
DA:25,0
DA:26,0
DA:28,0
DA:32,0
DA:33,0
DA:34,0
DA:35,0
DA:36,0
DA:37,0
DA:38,0
DA:40,0
DA:44,0
DA:45,0
DA:47,0
DA:49,0
DA:50,0
DA:51,0
DA:52,0
DA:55,0
DA:56,0
DA:58,0
DA:61,0
DA:62,0
DA:63,0
DA:64,0
DA:65,0
DA:67,0
DA:70,0
DA:75,0
DA:77,0
DA:79,0
DA:80,0
DA:81,0
DA:82,0
DA:85,0
DA:87,0
DA:88,0
DA:91,0
DA:92,0
DA:93,0
DA:94,0
DA:95,0
DA:97,0
DA:100,0
DA:105,0
DA:107,0
DA:109,0
DA:110,0
DA:111,0
DA:112,0
DA:115,0
DA:117,0
DA:118,0
DA:120,0
DA:123,0
DA:124,0
DA:125,0
DA:126,0
DA:127,0
DA:129,0
DA:132,0
DA:143,0
DA:151,0
DA:165,0
DA:172,0
DA:173,0
DA:174,0
DA:175,0
DA:177,0
DA:178,0
DA:179,0
DA:181,0
DA:184,0
LH:0
LF:78
end_of_record
SF:/home/joshua/.julia/dev/FastBEAST/src/fmm/operators/HH3Dhypersingular.jl
DA:27,0
DA:28,0
DA:29,0
DA:30,0
DA:31,0
DA:32,0
DA:33,0
DA:35,0
DA:39,0
DA:40,0
DA:41,0
DA:42,0
DA:43,0
DA:44,0
DA:45,0
DA:47,0
DA:51,0
DA:52,0
DA:54,0
DA:56,0
DA:57,0
DA:58,0
DA:59,0
DA:62,0
DA:63,0
DA:65,0
DA:68,0
DA:69,0
DA:72,0
DA:75,0
DA:79,0
DA:82,0
DA:83,0
DA:84,0
DA:85,0
DA:87,0
DA:90,0
DA:92,0
DA:95,0
DA:100,0
DA:102,0
DA:104,0
DA:105,0
DA:106,0
DA:107,0
DA:110,0
DA:112,0
DA:113,0
DA:116,0
DA:117,0
DA:120,0
DA:123,0
DA:127,0
DA:130,0
DA:131,0
DA:132,0
DA:133,0
DA:135,0
DA:138,0
DA:140,0
DA:143,0
DA:148,0
DA:150,0
DA:152,0
DA:153,0
DA:154,0
DA:155,0
DA:158,0
DA:160,0
DA:161,0
DA:164,0
DA:165,0
DA:168,0
DA:171,0
DA:175,0
DA:178,0
DA:179,0
DA:180,0
DA:181,0
DA:183,0
DA:186,0
DA:188,0
DA:191,0
DA:202,0
DA:211,0
DA:232,0
DA:240,0
DA:241,0
DA:242,0
DA:243,0
DA:244,0
DA:245,0
DA:246,0
DA:248,0
DA:249,0
DA:250,0
DA:252,0
DA:253,0
DA:254,0
DA:255,0
DA:256,0
DA:257,0
DA:259,0
DA:260,0
DA:262,0
DA:263,0
DA:264,0
DA:265,0
DA:268,0
LH:0
LF:109
end_of_record
SF:/home/joshua/.julia/dev/FastBEAST/src/fmm/operators/HH3Dsinglelayer.jl
DA:19,0
DA:20,0
DA:21,0
DA:22,0
DA:23,0
DA:24,0
DA:25,0
DA:27,0
DA:31,0
DA:32,0
DA:33,0
DA:34,0
DA:35,0
DA:36,0
DA:37,0
DA:39,0
DA:43,0
DA:44,0
DA:46,0
DA:48,0
DA:49,0
DA:50,0
DA:51,0
DA:54,0
DA:55,0
DA:57,0
DA:60,0
DA:62,0
DA:65,0
DA:70,0
DA:72,0
DA:74,0
DA:75,0
DA:76,0
DA:77,0
DA:80,0
DA:82,0
DA:83,0
DA:86,0
DA:88,0
DA:91,0
DA:96,0
DA:98,0
DA:100,0
DA:101,0
DA:102,0
DA:103,0
DA:106,0
DA:108,0
DA:109,0
DA:112,0
DA:114,0
DA:117,0
DA:128,0
DA:130,0
DA:143,0
DA:150,0
DA:151,0
DA:152,0
DA:154,0
DA:155,0
DA:156,0
DA:158,0
DA:161,0
LH:0
LF:64
end_of_record
SF:/home/joshua/.julia/dev/FastBEAST/src/fmm/operators/MW3Ddoublelayer.jl
DA:22,0
DA:23,0
DA:24,0
DA:25,0
DA:26,0
DA:27,0
DA:28,0
DA:30,0
DA:34,0
DA:35,0
DA:36,0
DA:37,0
DA:38,0
DA:39,0
DA:40,0
DA:42,0
DA:46,0
DA:47,0
DA:49,0
DA:50,0
DA:52,0
DA:54,0
DA:55,0
DA:56,0
DA:58,0
DA:59,0
DA:60,0
DA:62,0
DA:64,0
DA:67,0
DA:72,0
DA:74,0
DA:75,0
DA:77,0
DA:79,0
DA:80,0
DA:81,0
DA:83,0
DA:84,0
DA:85,0
DA:87,0
DA:89,0
DA:92,0
DA:97,0
DA:99,0
DA:100,0
DA:102,0
DA:104,0
DA:105,0
DA:106,0
DA:108,0
DA:109,0
DA:110,0
DA:112,0
DA:114,0
DA:117,0
DA:128,0
DA:136,0
DA:153,0
DA:161,0
DA:162,0
DA:163,0
DA:164,0
DA:165,0
DA:167,0
DA:168,0
DA:169,0
DA:170,0
DA:171,0
DA:173,0
DA:174,0
DA:175,0
DA:178,0
LH:0
LF:73
end_of_record
SF:/home/joshua/.julia/dev/FastBEAST/src/fmm/operators/MW3Dsinglelayer.jl
DA:24,0
DA:25,0
DA:26,0
DA:27,0
DA:28,0
DA:29,0
DA:30,0
DA:32,0
DA:36,0
DA:37,0
DA:38,0
DA:39,0
DA:40,0
DA:41,0
DA:42,0
DA:44,0
DA:48,0
DA:49,0
DA:51,0
DA:52,0
DA:54,0
DA:56,0
DA:57,0
DA:58,0
DA:60,0
DA:62,0
DA:65,0
DA:67,0
DA:70,0
DA:75,0
DA:77,0
DA:78,0
DA:80,0
DA:82,0
DA:83,0
DA:84,0
DA:86,0
DA:88,0
DA:91,0
DA:93,0
DA:96,0
DA:101,0
DA:103,0
DA:104,0
DA:106,0
DA:108,0
DA:109,0
DA:110,0
DA:112,0
DA:114,0
DA:117,0
DA:119,0
DA:122,0
DA:133,0
DA:141,0
DA:159,0
DA:166,0
DA:167,0
DA:168,0
DA:169,0
DA:170,0
DA:172,0
DA:173,0
DA:174,0
DA:176,0
DA:177,0
DA:178,0
DA:179,0
DA:180,0
DA:181,0
DA:182,0
DA:184,0
DA:185,0
DA:186,0
DA:187,0
DA:190,0
LH:0
LF:76
end_of_record
SF:/home/joshua/.julia/dev/FastBEAST/src/fmm.jl
DA:25,0
DA:31,0
DA:32,0
DA:67,0
DA:77,0
DA:79,0
DA:80,0
DA:81,0
DA:84,0
DA:91,0
DA:92,0
DA:93,0
DA:96,0
DA:97,0
DA:98,0
DA:99,0
DA:100,0
DA:102,0
DA:103,0
DA:105,0
DA:106,0
DA:108,0
DA:115,0
DA:116,0
DA:117,0
DA:127,0
DA:137,0
DA:138,0
DA:139,0
DA:140,0
DA:141,0
DA:142,0
DA:144,0
DA:145,0
DA:155,0
DA:166,0
DA:168,0
DA:169,0
DA:170,0
DA:171,0
DA:172,0
DA:173,0
DA:176,0
DA:188,0
DA:190,0
DA:191,0
DA:193,0
DA:194,0
DA:195,0
DA:196,0
DA:197,0
DA:198,0
DA:199,0
DA:200,0
DA:201,0
DA:202,0
DA:203,0
DA:204,0
DA:206,0
DA:221,0
DA:222,0
DA:223,0
DA:224,0
DA:226,0
DA:227,0
DA:228,0
DA:230,0
DA:231,0
DA:232,0
DA:233,0
DA:234,0
DA:235,0
DA:236,0
DA:237,0
DA:238,0
DA:239,0
DA:240,0
DA:242,0
DA:243,0
DA:244,0
DA:245,0
DA:247,0
DA:263,0
DA:264,0
DA:265,0
DA:266,0
DA:267,0
DA:268,0
DA:269,0
DA:270,0
DA:271,0
DA:272,0
DA:273,0
DA:274,0
DA:275,0
DA:276,0
DA:277,0
DA:278,0
DA:279,0
DA:280,0
DA:281,0
DA:282,0
DA:284,0
DA:285,0
DA:286,0
DA:287,0
DA:289,0
DA:306,0
DA:307,0
DA:308,0
DA:309,0
DA:310,0
DA:311,0
DA:312,0
DA:314,0
DA:315,0
DA:316,0
DA:317,0
DA:318,0
DA:319,0
DA:320,0
DA:321,0
DA:322,0
DA:323,0
DA:324,0
DA:325,0
DA:326,0
DA:328,0
DA:329,0
DA:330,0
DA:331,0
DA:333,0
DA:349,0
DA:350,0
DA:351,0
DA:352,0
DA:353,0
DA:354,0
DA:355,0
DA:357,0
DA:358,0
DA:359,0
DA:360,0
DA:361,0
DA:362,0
DA:363,0
DA:364,0
DA:365,0
DA:366,0
DA:367,0
DA:369,0
DA:370,0
DA:371,0
DA:372,0
DA:374,0
DA:386,0
DA:387,0
DA:388,0
DA:389,0
DA:390,0
DA:391,0
DA:392,0
DA:394,0
LH:0
LF:163
end_of_record
SF:/home/joshua/.julia/dev/FastBEAST/src/h2matrix.jl/fars_utils.jl
DA:1,0
DA:2,0
DA:4,0
DA:5,0
DA:7,0
DA:8,0
DA:10,0
DA:15,0
DA:17,0
DA:18,0
DA:20,0
DA:21,0
DA:22,0
DA:23,0
DA:25,0
DA:27,0
DA:29,0
DA:32,0
DA:42,0
DA:48,0
DA:53,0
DA:60,0
DA:69,0
LH:0
LF:23
end_of_record
SF:/home/joshua/.julia/dev/FastBEAST/src/h2matrix.jl/h2matrix.jl
DA:14,0
DA:48,0
DA:53,0
DA:55,0
DA:61,0
DA:62,0
DA:64,0
DA:66,0
DA:67,0
DA:68,0
DA:69,0
DA:72,0
DA:73,0
DA:75,0
DA:86,0
DA:87,0
DA:89,0
DA:90,0
DA:91,0
DA:92,0
DA:94,0
DA:96,0
DA:97,0
DA:98,0
DA:99,0
DA:100,0
DA:106,0
DA:113,0
DA:114,0
DA:117,0
DA:118,0
DA:122,0
DA:125,0
DA:126,0
DA:127,0
DA:128,0
DA:129,0
DA:131,0
DA:132,0
DA:134,0
DA:135,0
DA:136,0
DA:140,0
DA:142,0
DA:144,0
DA:148,0
DA:155,0
DA:156,0
DA:159,0
DA:160,0
DA:164,0
DA:167,0
DA:168,0
DA:169,0
DA:170,0
DA:171,0
DA:173,0
DA:174,0
DA:177,0
DA:178,0
DA:179,0
DA:183,0
DA:185,0
DA:187,0
DA:191,0
DA:198,0
DA:200,0
DA:201,0
DA:203,0
DA:205,0
DA:206,0
DA:207,0
DA:208,0
DA:209,0
DA:210,0
DA:212,0
DA:213,0
DA:214,0
DA:215,0
DA:216,0
DA:219,0
DA:220,0
DA:221,0
DA:222,0
DA:224,0
DA:225,0
DA:226,0
DA:227,0
DA:228,0
DA:230,0
DA:234,0
DA:235,0
DA:238,0
DA:241,0
DA:243,0
DA:245,0
DA:249,0
DA:256,0
DA:258,0
DA:259,0
DA:261,0
DA:263,0
DA:264,0
DA:265,0
DA:266,0
DA:267,0
DA:268,0
DA:270,0
DA:271,0
DA:272,0
DA:273,0
DA:274,0
DA:277,0
DA:278,0
DA:279,0
DA:280,0
DA:282,0
DA:283,0
DA:284,0
DA:285,0
DA:286,0
DA:288,0
DA:292,0
DA:293,0
DA:296,0
DA:299,0
DA:301,0
DA:303,0
LH:0
LF:128
end_of_record
SF:/home/joshua/.julia/dev/FastBEAST/src/h2matrix.jl/nears.jl
DA:6,0
DA:14,0
DA:15,0
DA:16,0
DA:17,0
DA:19,0
DA:20,0
DA:21,0
DA:23,0
DA:33,0
DA:34,0
DA:36,0
DA:38,0
DA:39,0
DA:40,0
DA:41,0
DA:43,0
DA:44,0
DA:48,0
DA:58,0
DA:59,0
DA:61,0
DA:62,0
DA:63,0
DA:66,0
DA:69,0
DA:77,0
DA:78,0
DA:80,0
LH:0
LF:29
end_of_record
SF:/home/joshua/.julia/dev/FastBEAST/src/hmatrix.jl
DA:6,5
DA:15,10
DA:16,10
DA:19,5
DA:20,5
DA:21,5
DA:24,130
DA:25,130
DA:28,1032
DA:29,1032
DA:30,429
DA:31,174
DA:32,104
DA:33,70
DA:34,70
DA:36,0
DA:40,0
DA:41,0
DA:42,0
DA:43,0
DA:44,0
DA:45,0
DA:46,0
DA:48,0
DA:52,65
DA:53,65
DA:55,208910
DA:57,65
DA:59,83564
DA:61,26
DA:62,134368
DA:63,134368
DA:64,134394
DA:66,26
DA:67,310700
DA:68,310700
DA:69,310726
DA:72,501384
DA:73,501384
DA:75,39
DA:76,200011
DA:77,200648
DA:78,0
DA:80,39
DA:81,464028
DA:82,464744
DA:83,0
DA:85,39
DA:88,65
DA:92,65
DA:97,65
DA:99,208910
DA:101,65
DA:103,83564
DA:105,26
DA:106,134368
DA:107,134368
DA:108,134394
DA:110,26
DA:111,310700
DA:112,310700
DA:113,310726
DA:117,501384
DA:118,501384
DA:120,39
DA:121,200021
DA:122,200476
DA:123,0
DA:125,39
DA:126,463708
DA:127,464797
DA:128,0
DA:130,39
DA:134,65
DA:137,0
DA:142,0
DA:144,0
DA:146,0
DA:148,0
DA:150,0
DA:151,0
DA:152,0
DA:153,0
DA:155,0
DA:156,0
DA:157,0
DA:158,0
DA:162,0
DA:163,0
DA:165,0
DA:166,0
DA:167,0
DA:168,0
DA:170,0
DA:171,0
DA:172,0
DA:173,0
DA:175,0
DA:179,0
DA:182,12
DA:194,6
DA:195,6
DA:196,6
DA:198,6
DA:205,6
DA:206,6
DA:207,6
DA:209,6
DA:210,6
DA:212,6
DA:213,2
DA:215,4
DA:216,8
DA:217,16
DA:218,16
DA:220,6
DA:221,6
DA:222,6
DA:223,6
DA:228,6
DA:229,6
DA:232,6
DA:233,2
DA:234,7196
DA:235,7196
DA:245,7196
DA:246,7198
DA:247,4
DA:248,8
DA:249,16
DA:250,16
DA:251,28
DA:253,4
DA:254,10798
DA:256,10798
DA:266,10792
DA:267,0
DA:269,6
DA:270,12
DA:271,12
DA:274,5
DA:275,5
DA:276,5
DA:278,5
DA:279,5
DA:282,5
DA:283,2
DA:284,27040
DA:296,27040
DA:297,27040
DA:298,27042
DA:299,3
DA:300,6
DA:301,12
DA:302,21
DA:304,3
DA:305,40560
DA:317,40537
DA:319,40549
DA:320,0
DA:322,6
DA:323,12
DA:324,12
DA:327,5
DA:328,10
DA:329,67600
DA:331,127350
DA:332,7850
DA:333,7850
DA:335,135195
DA:336,5
DA:338,5
DA:339,5
DA:344,5
DA:345,2
DA:346,3140
DA:356,3140
DA:357,3142
DA:358,3
DA:360,3
DA:362,6
DA:363,12
DA:364,21
DA:366,3
DA:367,4710
DA:377,4707
DA:378,0
DA:380,6
DA:381,12
DA:382,12
DA:385,5
DA:396,24583
DA:402,24583
DA:403,0
DA:404,0
DA:405,0
DA:406,0
DA:408,0
DA:412,44041
DA:413,19458
DA:414,19458
DA:416,5590
DA:417,465
DA:418,465
DA:419,1720
DA:425,1720
DA:426,5103
DA:427,443
DA:428,443
DA:429,1676
DA:435,1676
DA:437,4217
DA:438,18414
DA:439,91498
DA:445,109912
DA:446,18414
DA:451,94894
DA:452,94894
DA:453,94894
DA:454,70317
DA:456,70317
DA:458,24577
DA:468,17994
DA:475,2748873
DA:476,17990
DA:478,17990
DA:485,7850
DA:492,1638381
DA:493,7849
DA:495,7849
DA:502,135198
DA:512,67599
DA:514,67597
DA:524,67595
DA:530,67597
LH:189
LF:235
end_of_record
SF:/home/joshua/.julia/dev/FastBEAST/src/skeletons.jl
DA:6,67581
DA:12,67595
DA:13,67595
DA:14,67595
DA:18,3084774
DA:21,770641
DA:22,771376
DA:23,775238
DA:27,773106
DA:32,771259
DA:33,768237
DA:37,0
DA:42,0
DA:43,0
DA:49,93420
DA:55,1
DA:56,1
DA:59,0
DA:60,0
DA:62,0
DA:65,67594
DA:66,67595
LH:16
LF:22
end_of_record
SF:/home/joshua/.julia/dev/FastBEAST/src/tree/ClusterTrees/kmeansCT.jl
DA:20,0
DA:21,0
DA:39,0
DA:40,0
DA:48,0
DA:51,0
DA:52,0
DA:53,0
DA:54,0
DA:56,0
DA:60,0
DA:61,0
DA:62,0
DA:66,0
DA:68,0
DA:69,0
DA:71,0
DA:72,0
DA:73,0
DA:77,0
DA:78,0
DA:83,0
DA:85,0
DA:86,0
DA:88,0
DA:89,0
DA:90,0
DA:91,0
DA:92,0
DA:97,0
DA:101,0
DA:102,0
DA:103,0
DA:108,0
DA:112,0
DA:113,0
DA:115,0
DA:122,0
DA:124,0
DA:125,0
DA:126,0
DA:127,0
DA:129,0
DA:130,0
DA:135,0
DA:136,0
DA:137,0
DA:139,0
DA:142,0
DA:143,0
DA:151,0
DA:153,0
DA:154,0
DA:156,0
DA:164,0
DA:167,0
DA:169,0
DA:175,0
DA:177,0
DA:179,0
DA:187,0
DA:189,0
DA:190,0
DA:192,0
DA:195,0
DA:197,0
DA:202,0
DA:206,0
DA:207,0
DA:210,0
DA:212,0
DA:213,0
DA:218,0
DA:219,0
DA:220,0
DA:222,0
DA:225,0
DA:226,0
DA:234,0
DA:236,0
DA:237,0
DA:239,0
DA:242,0
DA:245,0
DA:247,0
DA:253,0
DA:255,0
DA:258,0
DA:270,0
DA:272,0
DA:273,0
DA:275,0
DA:278,0
DA:280,0
DA:283,0
DA:287,0
DA:288,0
DA:289,0
DA:290,0
DA:291,0
DA:292,0
DA:293,0
DA:297,0
DA:306,0
DA:307,0
DA:308,0
DA:309,0
DA:310,0
DA:311,0
DA:315,0
DA:317,0
DA:318,0
DA:319,0
DA:320,0
DA:322,0
DA:324,0
DA:325,0
DA:327,0
DA:332,0
DA:340,0
DA:345,0
DA:346,0
DA:347,0
DA:348,0
DA:349,0
DA:351,0
DA:355,0
DA:357,0
DA:359,0
DA:360,0
DA:362,0
DA:372,0
DA:374,0
DA:377,0
DA:381,0
DA:382,0
DA:383,0
DA:388,0
DA:393,0
DA:395,0
DA:396,0
DA:398,0
DA:399,0
DA:400,0
DA:401,0
DA:403,0
DA:405,0
DA:407,0
DA:411,0
DA:416,0
DA:419,0
DA:420,0
DA:421,0
DA:422,0
DA:423,0
DA:424,0
DA:426,0
LH:0
LF:157
end_of_record
SF:/home/joshua/.julia/dev/FastBEAST/src/tree/ClusterTrees/octtreeCT.jl
LH:0
LF:0
end_of_record
SF:/home/joshua/.julia/dev/FastBEAST/src/tree/ClusterTrees/test_kmeansCT.jl
DA:10,0
DA:11,0
DA:12,0
DA:14,0
DA:18,0
DA:19,0
DA:22,0
DA:23,0
DA:24,0
DA:25,0
DA:26,0
DA:27,0
DA:31,0
DA:32,0
DA:33,0
DA:34,0
DA:35,0
DA:36,0
LH:0
LF:18
end_of_record
SF:/home/joshua/.julia/dev/FastBEAST/src/tree/boundingbox.jl
DA:4,6410
DA:8,13
DA:9,13
DA:10,13
DA:12,26
DA:13,32153
DA:14,97023
DA:15,97789
DA:16,160739
DA:17,64293
DA:19,13
DA:21,36
DA:22,13
DA:23,36
DA:24,36
DA:25,59
DA:27,13
DA:29,13
DA:32,0
DA:33,0
DA:34,0
DA:35,0
DA:36,0
DA:37,0
DA:38,0
DA:39,0
DA:40,0
DA:41,0
DA:42,0
DA:43,0
DA:44,0
DA:45,0
DA:46,0
DA:47,0
DA:48,0
DA:49,0
DA:50,0
DA:52,0
DA:54,0
DA:63,3191
DA:65,3191
DA:67,3191
DA:68,44
DA:69,44
DA:71,11
DA:72,3180
DA:73,25440
DA:74,25440
DA:75,25440
DA:76,3180
DA:78,0
DA:80,3191
DA:83,95609
DA:85,95609
DA:86,47820
DA:87,23907
DA:89,71733
DA:92,47789
DA:93,23922
DA:95,23867
DA:99,95609
DA:100,47670
DA:103,95609
LH:41
LF:63
end_of_record
SF:/home/joshua/.julia/dev/FastBEAST/src/tree/boxtree.jl
DA:2,3
DA:6,6
DA:7,3
DA:11,6402
DA:18,11
DA:19,11
DA:22,3190
DA:29,3190
DA:32,3190
DA:38,3190
DA:39,3190
DA:42,11
DA:47,32145
DA:52,11
DA:54,11
DA:57,6402
DA:64,3777
DA:65,2625
DA:68,576
DA:69,769364
DA:71,576
DA:72,119517
DA:73,95605
DA:74,95605
DA:75,96181
DA:77,576
DA:78,4584
DA:79,98795
DA:80,3190
DA:81,3190
DA:83,4584
DA:86,110465
DA:87,110465
DA:89,110465
DA:92,113650
DA:93,110465
DA:94,67600
DA:96,42865
LH:38
LF:38
end_of_record
SF:/home/joshua/.julia/dev/FastBEAST/src/tree/kmeans.jl
DA:18,2
DA:25,4
DA:32,2
DA:52,826
DA:60,3
DA:66,3
DA:69,410
DA:76,410
DA:85,410
DA:112,3
DA:116,4408
DA:117,3
DA:118,2
DA:122,2
DA:131,1
DA:141,3
DA:144,80
DA:145,240
DA:147,80
DA:150,6
DA:159,6
DA:160,2
DA:163,1
DA:164,10
DA:166,2
DA:167,200
DA:168,20
DA:169,80
DA:170,80
DA:171,80
DA:172,100
DA:173,40
DA:174,80
DA:177,60
DA:178,39
DA:181,2
DA:182,2
DA:183,6
DA:184,4
DA:185,2
DA:186,2
DA:195,2
DA:198,820
DA:207,614
DA:208,206
DA:211,59460
DA:214,204
DA:216,204
DA:223,408
DA:224,29526
DA:225,29526
DA:226,58848
DA:228,408
DA:229,408
DA:230,1224
DA:231,408
DA:235,29934
DA:241,408
DA:250,408
DA:273,9012
DA:274,9012
DA:275,9059
DA:276,9011
DA:277,9011
DA:278,2717
DA:280,6294
DA:283,1
LH:67
LF:67
end_of_record
SF:/home/joshua/.julia/dev/FastBEAST/src/tree/tree.jl
DA:4,23539
DA:5,54291
DA:6,94580
DA:7,3600
DA:8,22406
DA:12,373011
DA:13,266170
DA:16,3614
DA:19,3614
DA:20,3614
DA:33,0
DA:34,0
LH:10
LF:12
end_of_record
SF:/home/joshua/.julia/dev/FastBEAST/src/utils.jl
DA:1,10
DA:2,5
DA:4,5
DA:5,5
DA:6,5
DA:7,5
DA:8,5
DA:9,30
DA:10,15
DA:11,15
DA:12,15
DA:13,15
DA:14,15
DA:15,15
DA:16,15
DA:17,5
DA:20,10
DA:25,5
DA:27,5
DA:28,5
DA:29,5
DA:30,5
DA:31,5
DA:32,90
DA:33,65
DA:34,65
DA:35,65
DA:36,65
DA:37,65
DA:38,65
DA:39,65
DA:41,5
DA:43,5
LH:33
LF:33
end_of_record
